<?xml version="1.0" encoding="UTF-8"?>
<!-- Generated by org.testng.reporters.JUnitXMLReporter -->
<testsuite ignored="0" hostname="LAPTOP-EFM8U59U" failures="3" tests="5" name="Test" time="72.494" errors="0" timestamp="22 Sep 2021 12:31:45 GMT">
  <testcase classname="com.orangehrm.testcases.mailConfiguration.MT01_MatchURL" name="MatchConfigModuleURL" time="11.435"/>
  <testcase classname="com.orangehrm.testcases.mailConfiguration.MT05_Reset_Config_Settings" name="ResetConfigSettings" time="10.931"/>
  <testcase classname="com.orangehrm.testcases.mailConfiguration.MT02_ConfigDetailsValidation" name="Add_Configurations" time="7.642">
    <failure type="java.lang.AssertionError" message="Required is required in given format  expected [true] but found [false]">
      <![CDATA[java.lang.AssertionError: Required is required in given format  expected [true] but found [false]
at com.orangehrm.testcases.mailConfiguration.MT02_ConfigDetailsValidation.Add_Configurations(MT02_ConfigDetailsValidation.java:44)
... Removed 34 stack frames]]>
    </failure>
  </testcase> <!-- Add_Configurations -->
  <testcase classname="com.orangehrm.testcases.mailConfiguration.MT02_ConfigDetailsValidation" name="Add_Configurations" time="7.427">
    <failure type="java.lang.AssertionError" message="Required is required in given format  expected [true] but found [false]">
      <![CDATA[java.lang.AssertionError: Required is required in given format  expected [true] but found [false]
at com.orangehrm.testcases.mailConfiguration.MT02_ConfigDetailsValidation.Add_Configurations(MT02_ConfigDetailsValidation.java:44)
... Removed 34 stack frames]]>
    </failure>
  </testcase> <!-- Add_Configurations -->
  <testcase classname="com.orangehrm.testcases.mailConfiguration.MT02_ConfigDetailsValidation" name="Add_Configurations" time="7.467">
    <failure type="java.lang.AssertionError" message="Required is required in given format  expected [true] but found [false]">
      <![CDATA[java.lang.AssertionError: Required is required in given format  expected [true] but found [false]
at com.orangehrm.testcases.mailConfiguration.MT02_ConfigDetailsValidation.Add_Configurations(MT02_ConfigDetailsValidation.java:44)
... Removed 34 stack frames]]>
    </failure>
  </testcase> <!-- Add_Configurations -->
</testsuite> <!-- Test -->
