<?xml version="1.0" encoding="UTF-8"?>
<testng-results ignored="0" total="1" passed="1" failed="0" skipped="0">
  <reporter-output>
  </reporter-output>
  <suite started-at="2021-09-15T12:03:04 IST" name="Default suite" finished-at="2021-09-15T12:03:25 IST" duration-ms="21296">
    <groups>
    </groups>
    <test started-at="2021-09-15T12:03:04 IST" name="Default test" finished-at="2021-09-15T12:03:25 IST" duration-ms="21296">
      <class name="com.orangehrm.testcases.TC_Delete_Nationality">
        <test-method is-config="true" signature="setup()[pri:0, instance:com.orangehrm.testcases.TC_Delete_Nationality@10c626be]" started-at="2021-09-15T12:03:04 IST" name="setup" finished-at="2021-09-15T12:03:09 IST" duration-ms="5075" status="PASS">
          <reporter-output>
          </reporter-output>
        </test-method> <!-- setup -->
        <test-method signature="Add_N()[pri:0, instance:com.orangehrm.testcases.TC_Delete_Nationality@10c626be]" started-at="2021-09-15T12:03:09 IST" name="Add_N" finished-at="2021-09-15T12:03:25 IST" duration-ms="15912" status="PASS">
          <reporter-output>
          </reporter-output>
        </test-method> <!-- Add_N -->
        <test-method is-config="true" signature="tearDown()[pri:0, instance:com.orangehrm.testcases.TC_Delete_Nationality@10c626be]" started-at="2021-09-15T12:03:25 IST" name="tearDown" finished-at="2021-09-15T12:03:25 IST" duration-ms="252" status="PASS">
          <reporter-output>
          </reporter-output>
        </test-method> <!-- tearDown -->
      </class> <!-- com.orangehrm.testcases.TC_Delete_Nationality -->
    </test> <!-- Default test -->
  </suite> <!-- Default suite -->
</testng-results>
